<?xml version="1.0" encoding="UTF-8"?>
<testng-results ignored="0" total="1" passed="1" failed="0" skipped="0">
  <reporter-output>
  </reporter-output>
  <suite started-at="2023-12-11T17:25:42 IST" name="Default suite" finished-at="2023-12-11T17:25:46 IST" duration-ms="3783">
    <groups>
    </groups>
    <test started-at="2023-12-11T17:25:42 IST" name="Default test" finished-at="2023-12-11T17:25:46 IST" duration-ms="3783">
      <class name="WaysToCreateRequestBody.PostReq4">
        <test-method signature="PostReqef4()[pri:0, instance:WaysToCreateRequestBody.PostReq4@5b03b9fe]" started-at="2023-12-11T17:25:42 IST" name="PostReqef4" finished-at="2023-12-11T17:25:46 IST" duration-ms="3700" status="PASS">
          <reporter-output>
          </reporter-output>
        </test-method> <!-- PostReqef4 -->
      </class> <!-- WaysToCreateRequestBody.PostReq4 -->
    </test> <!-- Default test -->
  </suite> <!-- Default suite -->
</testng-results>
